
 ------------- USUARIO --------------------
biblioteca No se encuentra en el sistema
el directorio de biblioteca No existe
el usuario biblioteca ha sido creado
 ------------- USUARIO --------------------
biblioteca No se encuentra en el sistema
el directorio de biblioteca No existe
el usuario biblioteca ha sido creado
 ------------- USUARIO --------------------
biblioteca No se encuentra en el sistema
el directorio de biblioteca No existe
el usuario biblioteca ha sido creado
 ------------- USUARIO --------------------
biblioteca No se encuentra en el sistema
el directorio de biblioteca No existe
el usuario biblioteca ha sido creado
 ------------- USUARIO --------------------
biblioteca No se encuentra en el sistema
el directorio de biblioteca No existe
el usuario biblioteca ha sido creado
 ------------- USUARIO --------------------
biblioteca No se encuentra en el sistema
el directorio de biblioteca No existe
el usuario biblioteca ha sido creado
 ------------- USUARIO --------------------
biblioteca No se encuentra en el sistema
el directorio de biblioteca No existe
el usuario biblioteca ha sido creado
 ------------- USUARIO --------------------
biblioteca No se encuentra en el sistema
el directorio de biblioteca No existe
el usuario biblioteca ha sido creado
 ------------- USUARIO --------------------
biblioteca No se encuentra en el sistema
el directorio de biblioteca No existe
el usuario biblioteca ha sido creado
 ------------- USUARIO --------------------
biblioteca No se encuentra en el sistema
el directorio de biblioteca No existe
el usuario biblioteca ha sido creado
 ------------- USUARIO --------------------
biblioteca No se encuentra en el sistema
el directorio de biblioteca No existe
el usuario biblioteca ha sido creado
 ------------- USUARIO --------------------
biblioteca No se encuentra en el sistema
el directorio de biblioteca No existe
el usuario biblioteca ha sido creado
 ------------- USUARIO --------------------
biblioteca No se encuentra en el sistema
el directorio de biblioteca No existe
el usuario biblioteca ha sido creado
 ------------- USUARIO --------------------
biblioteca No se encuentra en el sistema
el directorio de biblioteca No existe
el usuario biblioteca ha sido creado
 ------------- USUARIO --------------------
biblioteca No se encuentra en el sistema
el directorio de biblioteca No existe
el usuario biblioteca ha sido creado
 ------------- USUARIO --------------------
biblioteca No se encuentra en el sistema
el directorio de biblioteca No existe
el usuario biblioteca ha sido creado
 ------------- USUARIO --------------------
biblioteca No se encuentra en el sistema
el directorio de biblioteca No existe
el usuario biblioteca ha sido creado
 ------------- USUARIO --------------------
biblioteca No se encuentra en el sistema
el directorio de biblioteca No existe
el usuario biblioteca ha sido creado
 ------------- USUARIO --------------------
biblioteca No se encuentra en el sistema
el directorio de biblioteca No existe
el usuario biblioteca ha sido creado
 ------------- USUARIO --------------------
biblioteca No se encuentra en el sistema
el directorio de biblioteca No existe
el usuario biblioteca ha sido creado
 ------------- USUARIO --------------------
biblioteca No se encuentra en el sistema
el directorio de biblioteca No existe
el usuario biblioteca ha sido creado
 ------------- USUARIO --------------------
morgado No se encuentra en el sistema
el directorio de morgado No existe
el usuario morgado ha sido creado
 ------------- USUARIO --------------------
morgado No se encuentra en el sistema
el directorio de morgado No existe
el usuario morgado ha sido creado
 ------------- USUARIO --------------------
morgado No se encuentra en el sistema
el directorio de morgado No existe
el usuario morgado ha sido creado
 ------------- USUARIO --------------------
angel No se encuentra en el sistema
el directorio de angel No existe
el usuario angel ha sido creado
