alfonso No se encuentra en el sistema
el directorio de alfonso No existe
el usuario alfonso ha sido creado
 ------------- USUARIO --------------------
alfonso No se encuentra en el sistema
el directorio de alfonso No existe
el usuario alfonso ha sido creado
 ------------- USUARIO --------------------
alfonso No se encuentra en el sistema
el directorio de alfonso No existe
el usuario alfonso ha sido creado
 ------------- USUARIO --------------------
alfonso No se encuentra en el sistema
el directorio de alfonso No existe
el usuario alfonso ha sido creado
 ------------- USUARIO --------------------
alfonso No se encuentra en el sistema
el directorio de alfonso No existe
el usuario alfonso ha sido creado
 ------------- USUARIO --------------------
alfonso No se encuentra en el sistema
el directorio de alfonso No existe
el usuario alfonso ha sido creado
 ------------- USUARIO --------------------
alfonso No se encuentra en el sistema
el directorio de alfonso No existe
el usuario alfonso ha sido creado
 ------------- USUARIO --------------------
alfonso No se encuentra en el sistema
el directorio de alfonso No existe
el usuario alfonso ha sido creado
 ------------- USUARIO --------------------
alfonso No se encuentra en el sistema
el directorio de alfonso No existe
el usuario alfonso ha sido creado
 ------------- USUARIO --------------------
alfonso No se encuentra en el sistema
el directorio de alfonso No existe
el usuario alfonso ha sido creado
 ------------- USUARIO --------------------
alfonso No se encuentra en el sistema
el directorio de alfonso No existe
el usuario alfonso ha sido creado
 ------------- USUARIO --------------------
alfonso No se encuentra en el sistema
el directorio de alfonso No existe
el usuario alfonso ha sido creado
 ------------- USUARIO --------------------
alfonso No se encuentra en el sistema
el directorio de alfonso No existe
el usuario alfonso ha sido creado
 ------------- USUARIO --------------------
alfonso No se encuentra en el sistema
el directorio de alfonso No existe
el usuario alfonso ha sido creado
 ------------- USUARIO --------------------
alfonso No se encuentra en el sistema
el directorio de alfonso No existe
el usuario alfonso ha sido creado
 ------------- USUARIO --------------------
alfonso No se encuentra en el sistema
el directorio de alfonso No existe
el usuario alfonso ha sido creado
 ------------- USUARIO --------------------
alfonso No se encuentra en el sistema
el directorio de alfonso No existe
el usuario alfonso ha sido creado
 ------------- USUARIO --------------------
alfonso No se encuentra en el sistema
el directorio de alfonso No existe
el usuario alfonso ha sido creado
 ------------- USUARIO --------------------
alfonso No se encuentra en el sistema
el directorio de alfonso No existe
el usuario alfonso ha sido creado
 ------------- USUARIO --------------------
alfonso No se encuentra en el sistema
el directorio de alfonso No existe
el usuario alfonso ha sido creado
 ------------- USUARIO --------------------
alfonso No se encuentra en el sistema
el directorio de alfonso No existe
el usuario alfonso ha sido creado
 ------------- USUARIO --------------------
alfonso No se encuentra en el sistema
el directorio de alfonso No existe
el usuario alfonso ha sido creado
 ------------- USUARIO --------------------
alfonso No se encuentra en el sistema
el directorio de alfonso No existe
el usuario alfonso ha sido creado
 ------------- USUARIO --------------------
alfonso No se encuentra en el sistema
el directorio de alfonso No existe
el usuario alfonso ha sido creado
 ------------- USUARIO --------------------
alfonso No se encuentra en el sistema
el directorio de alfonso No existe
el usuario alfonso ha sido creado
 ------------- USUARIO --------------------
alfonso No se encuentra en el sistema
el directorio de alfonso No existe
el usuario alfonso ha sido creado
 ------------- USUARIO --------------------
anastasia No se encuentra en el sistema
el directorio de anastasia No existe
el usuario anastasia ha sido creado
